<?xml version="1.0" encoding="UTF-8"?>
<!-- Generated by org.testng.reporters.JUnitXMLReporter -->
<testsuite ignored="0" hostname="LAPTOP-BGJ2SVDD" failures="0" tests="5" name="Default test" time="0.083" errors="0" timestamp="2020-07-21T13:12:12 IST">
  <testcase classname="PageTestCases.BooksTestCases" name="@BeforeTest initialize" time="0.018">
    <failure type="java.lang.NullPointerException">
      <![CDATA[java.lang.NullPointerException
at ReuseResources.ReuseComponents.initializeBrowser(ReuseComponents.java:31)
at PageTestCases.BooksTestCases.initialize(BooksTestCases.java:29)
at java.base/jdk.internal.reflect.NativeMethodAccessorImpl.invoke0(Native Method)
at java.base/jdk.internal.reflect.NativeMethodAccessorImpl.invoke(NativeMethodAccessorImpl.java:62)
at java.base/jdk.internal.reflect.DelegatingMethodAccessorImpl.invoke(DelegatingMethodAccessorImpl.java:43)
at java.base/java.lang.reflect.Method.invoke(Method.java:564)
at org.testng.internal.MethodInvocationHelper.invokeMethod(MethodInvocationHelper.java:134)
at org.testng.internal.MethodInvocationHelper.invokeMethodConsideringTimeout(MethodInvocationHelper.java:63)
at org.testng.internal.ConfigInvoker.invokeConfigurationMethod(ConfigInvoker.java:348)
at org.testng.internal.ConfigInvoker.invokeConfigurations(ConfigInvoker.java:302)
at org.testng.TestRunner.invokeTestConfigurations(TestRunner.java:619)
at org.testng.TestRunner.beforeRun(TestRunner.java:609)
at org.testng.TestRunner.run(TestRunner.java:580)
at org.testng.SuiteRunner.runTest(SuiteRunner.java:384)
at org.testng.SuiteRunner.runSequentially(SuiteRunner.java:378)
at org.testng.SuiteRunner.privateRun(SuiteRunner.java:337)
at org.testng.SuiteRunner.run(SuiteRunner.java:286)
at org.testng.SuiteRunnerWorker.runSuite(SuiteRunnerWorker.java:53)
at org.testng.SuiteRunnerWorker.run(SuiteRunnerWorker.java:96)
at org.testng.TestNG.runSuitesSequentially(TestNG.java:1187)
at org.testng.TestNG.runSuitesLocally(TestNG.java:1109)
at org.testng.TestNG.runSuites(TestNG.java:1039)
at org.testng.TestNG.run(TestNG.java:1007)
at org.testng.remote.AbstractRemoteTestNG.run(AbstractRemoteTestNG.java:115)
at org.testng.remote.RemoteTestNG.initAndRun(RemoteTestNG.java:251)
at org.testng.remote.RemoteTestNG.main(RemoteTestNG.java:77)
]]>
    </failure>
  </testcase> <!-- @BeforeTest initialize -->
  <testcase classname="PageTestCases.BooksTestCases" name="@AfterTest teardown" time="-1.595317332905E9">
    <skipped/>
  </testcase> <!-- @AfterTest teardown -->
  <testcase classname="PageTestCases.BooksTestCases" name="login" time="0.0">
    <skipped/>
  </testcase> <!-- login -->
  <testcase classname="PageTestCases.BooksTestCases" name="login" time="0.0">
    <skipped/>
  </testcase> <!-- login -->
  <testcase classname="PageTestCases.BooksTestCases" name="selectTextbooks" time="0.0">
    <skipped/>
  </testcase> <!-- selectTextbooks -->
  <testcase classname="PageTestCases.BooksTestCases" name="verifyCreateButtonText" time="0.0">
    <skipped/>
  </testcase> <!-- verifyCreateButtonText -->
  <testcase classname="PageTestCases.BooksTestCases" name="verifyNavigationbar" time="0.0">
    <skipped/>
  </testcase> <!-- verifyNavigationbar -->
</testsuite> <!-- Default test -->
