<?xml version="1.0" encoding="UTF-8"?>
<!-- Generated by org.testng.reporters.JUnitXMLReporter -->
<testsuite ignored="0" hostname="LAPTOP-BGJ2SVDD" failures="0" tests="5" name="Test" time="71.353" errors="0" timestamp="2020-07-08T14:54:18 IST">
  <testcase classname="PageTestCases.BooksTestCases" name="login" time="4.687"/>
  <testcase classname="PageTestCases.BooksTestCases" name="login" time="2.898"/>
  <testcase classname="PageTestCases.BooksTestCases" name="selectTextbooks" time="13.671"/>
  <testcase classname="PageTestCases.HomepageNavigation" name="openHomepage" time="11.424"/>
  <testcase classname="PageTestCases.HomepageNavigation" name="search" time="11.836"/>
</testsuite> <!-- Test -->
