<?xml version="1.0" encoding="UTF-8"?>
<!-- Generated by org.testng.reporters.JUnitXMLReporter -->
<testsuite ignored="0" hostname="LAPTOP-BGJ2SVDD" failures="0" tests="5" name="Test" time="32.865" errors="0" timestamp="2020-07-13T18:22:05 IST">
  <testcase classname="PageTestCases.BooksTestCases" name="login" time="5.982"/>
  <testcase classname="PageTestCases.BooksTestCases" name="login" time="3.574"/>
  <testcase classname="PageTestCases.BooksTestCases" name="selectTextbooks" time="7.025"/>
  <testcase classname="PageTestCases.BooksTestCases" name="verifyCreateButtonText" time="0.914"/>
  <testcase classname="PageTestCases.BooksTestCases" name="verifyNavigationbar" time="2.582"/>
</testsuite> <!-- Test -->
