<?xml version="1.0" encoding="UTF-8"?>
<testng-results ignored="1" total="8" passed="7" failed="0" skipped="0">
  <reporter-output>
  </reporter-output>
  <suite started-at="2020-07-13T18:21:32 IST" name="Suite" finished-at="2020-07-13T18:22:37 IST" duration-ms="65022">
    <groups>
    </groups>
    <test started-at="2020-07-13T18:21:32 IST" name="Test" finished-at="2020-07-13T18:22:05 IST" duration-ms="32865">
      <class name="PageTestCases.BooksTestCases">
        <test-method is-config="true" signature="initialize()[pri:0, instance:PageTestCases.BooksTestCases@5911e990]" started-at="2020-07-13T18:21:32 IST" name="initialize" finished-at="2020-07-13T18:21:41 IST" duration-ms="8658" status="PASS">
          <reporter-output>
          </reporter-output>
        </test-method> <!-- initialize -->
        <test-method signature="login(java.lang.String, java.lang.String, java.lang.String)[pri:0, instance:PageTestCases.BooksTestCases@5911e990]" started-at="2020-07-13T18:21:41 IST" name="login" data-provider="getCreds" finished-at="2020-07-13T18:21:47 IST" duration-ms="5982" status="PASS">
          <params>
            <param index="0">
              <value>
                <![CDATA[bhagyashree@isos.com]]>
              </value>
            </param>
            <param index="1">
              <value>
                <![CDATA[1234]]>
              </value>
            </param>
            <param index="2">
              <value>
                <![CDATA[not permitted user]]>
              </value>
            </param>
          </params>
          <reporter-output>
          </reporter-output>
        </test-method> <!-- login -->
        <test-method signature="login(java.lang.String, java.lang.String, java.lang.String)[pri:0, instance:PageTestCases.BooksTestCases@5911e990]" started-at="2020-07-13T18:21:47 IST" name="login" data-provider="getCreds" finished-at="2020-07-13T18:21:51 IST" duration-ms="3574" status="PASS">
          <params>
            <param index="0">
              <value>
                <![CDATA[sam@isos.com]]>
              </value>
            </param>
            <param index="1">
              <value>
                <![CDATA[djwt]]>
              </value>
            </param>
            <param index="2">
              <value>
                <![CDATA[permitted user]]>
              </value>
            </param>
          </params>
          <reporter-output>
          </reporter-output>
        </test-method> <!-- login -->
        <test-method signature="selectTextbooks()[pri:0, instance:PageTestCases.BooksTestCases@5911e990]" started-at="2020-07-13T18:21:51 IST" name="selectTextbooks" finished-at="2020-07-13T18:21:58 IST" duration-ms="7025" status="PASS">
          <reporter-output>
          </reporter-output>
        </test-method> <!-- selectTextbooks -->
        <test-method signature="verifyCreateButtonText()[pri:0, instance:PageTestCases.BooksTestCases@5911e990]" started-at="2020-07-13T18:21:58 IST" name="verifyCreateButtonText" finished-at="2020-07-13T18:21:58 IST" duration-ms="914" status="PASS">
          <reporter-output>
          </reporter-output>
        </test-method> <!-- verifyCreateButtonText -->
        <test-method signature="verifyNavigationbar()[pri:0, instance:PageTestCases.BooksTestCases@5911e990]" started-at="2020-07-13T18:21:58 IST" name="verifyNavigationbar" finished-at="2020-07-13T18:22:01 IST" duration-ms="2582" status="PASS">
          <reporter-output>
          </reporter-output>
        </test-method> <!-- verifyNavigationbar -->
        <test-method is-config="true" signature="teardown()[pri:0, instance:PageTestCases.BooksTestCases@5911e990]" started-at="2020-07-13T18:22:01 IST" name="teardown" finished-at="2020-07-13T18:22:05 IST" duration-ms="4076" status="PASS">
          <reporter-output>
          </reporter-output>
        </test-method> <!-- teardown -->
      </class> <!-- PageTestCases.BooksTestCases -->
    </test> <!-- Test -->
    <test started-at="2020-07-13T18:22:05 IST" name="Test2" finished-at="2020-07-13T18:22:25 IST" duration-ms="19145">
      <class name="PageTestCases.HomepageNavigation">
        <test-method is-config="true" signature="initialize()[pri:0, instance:PageTestCases.HomepageNavigation@19648c40]" started-at="2020-07-13T18:22:05 IST" name="initialize" finished-at="2020-07-13T18:22:14 IST" duration-ms="8562" status="PASS">
          <reporter-output>
          </reporter-output>
        </test-method> <!-- initialize -->
        <test-method signature="openHomepage()[pri:0, instance:PageTestCases.HomepageNavigation@19648c40]" started-at="2020-07-13T18:22:14 IST" name="openHomepage" finished-at="2020-07-13T18:22:17 IST" duration-ms="3137" status="PASS">
          <reporter-output>
          </reporter-output>
        </test-method> <!-- openHomepage -->
        <test-method signature="search()[pri:0, instance:PageTestCases.HomepageNavigation@19648c40]" started-at="2020-07-13T18:22:17 IST" name="search" finished-at="2020-07-13T18:22:20 IST" duration-ms="3308" status="PASS">
          <reporter-output>
          </reporter-output>
        </test-method> <!-- search -->
        <test-method is-config="true" signature="teardown()[pri:0, instance:PageTestCases.HomepageNavigation@19648c40]" started-at="2020-07-13T18:22:20 IST" name="teardown" finished-at="2020-07-13T18:22:25 IST" duration-ms="4136" status="PASS">
          <reporter-output>
          </reporter-output>
        </test-method> <!-- teardown -->
      </class> <!-- PageTestCases.HomepageNavigation -->
    </test> <!-- Test2 -->
    <test started-at="2020-07-13T18:22:25 IST" name="Test3" finished-at="2020-07-13T18:22:37 IST" duration-ms="12596">
      <class name="PageTestCases.VerifyWebElements">
        <test-method is-config="true" signature="initialize()[pri:0, instance:PageTestCases.VerifyWebElements@3a393455]" started-at="2020-07-13T18:22:25 IST" name="initialize" finished-at="2020-07-13T18:22:33 IST" duration-ms="8477" status="PASS">
          <reporter-output>
          </reporter-output>
        </test-method> <!-- initialize -->
        <test-method is-config="true" signature="teardown()[pri:0, instance:PageTestCases.VerifyWebElements@3a393455]" started-at="2020-07-13T18:22:33 IST" name="teardown" finished-at="2020-07-13T18:22:37 IST" duration-ms="4119" status="PASS">
          <reporter-output>
          </reporter-output>
        </test-method> <!-- teardown -->
      </class> <!-- PageTestCases.VerifyWebElements -->
    </test> <!-- Test3 -->
  </suite> <!-- Suite -->
</testng-results>
