<?xml version="1.0" encoding="UTF-8"?>
<testsuite xmlns:xsi="http://www.w3.org/2001/XMLSchema-instance" xsi:noNamespaceSchemaLocation="https://maven.apache.org/surefire/maven-surefire-plugin/xsd/surefire-test-report-3.0.xsd" version="3.0" name="TestSuite" time="65.991" tests="7" errors="0" skipped="0" failures="0">
  <properties>
[...]
</properties>
  <testcase name="login[bhagyashree@isos.com, 1234, not permitted user](1)" classname="PageTestCases.BooksTestCases" time="5.966">
    <system-err><![CDATA[Starting ChromeDriver 83.0.4103.39 (ccbf011cb2d2b19b506d844400483861342c20cd-refs/branch-heads/4103@{#416}) on port 9510
Only local connections are allowed.
Please see https://chromedriver.chromium.org/security-considerations for suggestions on keeping ChromeDriver safe.
ChromeDriver was started successfully.
Jul 13, 2020 6:21:36 PM org.openqa.selenium.remote.ProtocolHandshake createSession
INFO: Detected dialect: W3C
]]></system-err>
  </testcase>
  <testcase name="login[sam@isos.com, djwt, permitted user](2)" classname="PageTestCases.BooksTestCases" time="3.574"/>
  <testcase name="selectTextbooks" classname="PageTestCases.BooksTestCases" time="7.026"/>
  <testcase name="verifyCreateButtonText" classname="PageTestCases.BooksTestCases" time="0.914"/>
  <testcase name="verifyNavigationbar" classname="PageTestCases.BooksTestCases" time="2.582"/>
  <testcase name="openHomepage" classname="PageTestCases.HomepageNavigation" time="3.1">
    <system-err><![CDATA[Starting ChromeDriver 83.0.4103.39 (ccbf011cb2d2b19b506d844400483861342c20cd-refs/branch-heads/4103@{#416}) on port 36686
Only local connections are allowed.
Please see https://chromedriver.chromium.org/security-considerations for suggestions on keeping ChromeDriver safe.
ChromeDriver was started successfully.
Jul 13, 2020 6:22:09 PM org.openqa.selenium.remote.ProtocolHandshake createSession
INFO: Detected dialect: W3C
]]></system-err>
  </testcase>
  <testcase name="search" classname="PageTestCases.HomepageNavigation" time="3.308"/>
</testsuite>